<?xml version="1.0" encoding="UTF-8"?>
<testng-results ignored="0" total="1" passed="1" failed="0" skipped="0">
  <reporter-output>
  </reporter-output>
  <suite started-at="2022-03-24T11:06:40 IST" name="Default suite" finished-at="2022-03-24T11:06:41 IST" duration-ms="971">
    <groups>
    </groups>
    <test started-at="2022-03-24T11:06:40 IST" name="Default test" finished-at="2022-03-24T11:06:41 IST" duration-ms="971">
      <class name="com.JDBC.ExecuteUpdateTest">
        <test-method signature="executeUpdateTest()[pri:0, instance:com.JDBC.ExecuteUpdateTest@54c562f7]" started-at="2022-03-24T11:06:40 IST" name="executeUpdateTest" finished-at="2022-03-24T11:06:41 IST" duration-ms="841" status="PASS">
          <reporter-output>
          </reporter-output>
        </test-method> <!-- executeUpdateTest -->
      </class> <!-- com.JDBC.ExecuteUpdateTest -->
    </test> <!-- Default test -->
  </suite> <!-- Default suite -->
</testng-results>
